<?xml version="1.0" encoding="UTF-8" ?>
<testsuites disabled="0" errors="0" failures="1" tests="5" time="30.017">
 <testsuite name="cgn-angular App" timestamp="2018-06-11T13:17:58" hostname="localhost" time="29.985" errors="0" tests="4" skipped="0" disabled="0" failures="0">
  <testcase classname="cgn-angular App" name="should have a title" time="18.551" />
  <testcase classname="cgn-angular App" name="input valid login and password" time="4.635" />
  <testcase classname="cgn-angular App" name="input invalid login" time="3.326" />
  <testcase classname="cgn-angular App" name="input invalid password" time="3.468" />
 </testsuite>
 <testsuite name="validation for register page" timestamp="2018-06-11T13:18:28" hostname="localhost" time="0.032" errors="0" tests="1" skipped="0" disabled="0" failures="1">
  <testcase classname="validation for register page" name="encountered a declaration exception" time="0.028">
   <failure type="exception" message="Error: Cannot find module &apos;jasmine-data-provider&apos;"><![CDATA[Error: Cannot find module 'jasmine-data-provider'
    at Function.Module._resolveFilename (internal/modules/cjs/loader.js:571:15)
    at Function.Module._load (internal/modules/cjs/loader.js:497:25)
    at Module.require (internal/modules/cjs/loader.js:626:17)
    at require (internal/modules/cjs/helpers.js:20:18)
    at Suite.<anonymous> (C:\Projects\cgn-angular\e2e\registration\registerTD.spec.ts:5:15)
    at addSpecsToSuite (C:\Projects\cgn-angular\node_modules\jasmine\node_modules\jasmine-core\lib\jasmine-core\jasmine.js:1181:25)
    at Env.describe (C:\Projects\cgn-angular\node_modules\jasmine\node_modules\jasmine-core\lib\jasmine-core\jasmine.js:1145:7)
    at describe (C:\Projects\cgn-angular\node_modules\jasmine\node_modules\jasmine-core\lib\jasmine-core\jasmine.js:4593:18)
    at Object.<anonymous> (C:\Projects\cgn-angular\e2e\registration\registerTD.spec.ts:4:1)
    at Module._compile (internal/modules/cjs/loader.js:678:30)]]>
   </failure>
  </testcase>
 </testsuite>
</testsuites>